<?xml version="1.0" encoding="UTF-8"?>
<testsuite xmlns:xsi="http://www.w3.org/2001/XMLSchema-instance" xsi:noNamespaceSchemaLocation="https://maven.apache.org/surefire/maven-surefire-plugin/xsd/surefire-test-report-3.0.xsd" version="3.0" name="TestSuite" time="18.302" tests="2" errors="0" skipped="0" failures="0">
  <properties>
[...]
</properties>
  <testcase name="asUserTryToLogInWithIncorrectLoginAndPassword" classname="tests.FailedLoginTests" time="1.111">
    <system-out><![CDATA[[INFO ] 2022-02-17 11:32:18.792 [TestNG-tests-2] configurations.PropertiesLoader - Trying to load properties with file name: configuration.properties
[INFO ] 2022-02-17 11:32:18.808 [TestNG-tests-2] configurations.PropertiesLoader - Successfully loaded properties for file: configuration.properties
[INFO ] 2022-02-17 11:32:18.792 [TestNG-tests-1] configurations.PropertiesLoader - Trying to load properties with file name: configuration.properties
[INFO ] 2022-02-17 11:32:18.808 [TestNG-tests-1] configurations.PropertiesLoader - Successfully loaded properties for file: configuration.properties
[INFO ] 2022-02-17 11:32:28.342 [TestNG-tests-1] utils.testng.listeners.TestListener - Starting test: asUserTryToLogInWithIncorrectLoginAndPassword
[INFO ] 2022-02-17 11:32:28.545 [TestNG-tests-2] utils.testng.listeners.TestListener - Starting test: asUserTryToLogInWithValidLoginAndPassword
[INFO ] 2022-02-17 11:32:30.004 [TestNG-tests-1] page.objects.LoginPage - Type into user name field NotExistingLogin
[INFO ] 2022-02-17 11:32:30.289 [TestNG-tests-1] page.objects.LoginPage - Type into user password field NotProperPassword
[INFO ] 2022-02-17 11:32:30.326 [TestNG-tests-2] page.objects.LoginPage - Type into user name field j2ee
[INFO ] 2022-02-17 11:32:30.561 [TestNG-tests-2] page.objects.LoginPage - Type into user password field j2ee
[INFO ] 2022-02-17 11:32:30.585 [TestNG-tests-1] page.objects.LoginPage - click on Login Button
[INFO ] 2022-02-17 11:32:30.590 [TestNG-tests-1] page.objects.LoginPage - Checking if warning message Invalid username or password. Signon failed. is displayed
[INFO ] 2022-02-17 11:32:30.950 [TestNG-tests-1] generic.assertions.AssertWebElement - Checking if element is displayed
[INFO ] 2022-02-17 11:32:31.333 [TestNG-tests-1] generic.assertions.AssertWebElement - WebElement was displayed!
[INFO ] 2022-02-17 11:32:31.333 [TestNG-tests-1] generic.assertions.AssertWebElement - Checking if element has text
]]></system-out>
    <system-err><![CDATA[Starting ChromeDriver 98.0.4758.80 (7f0488e8ba0d8e019187c6325a16c29d9b7f4989-refs/branch-heads/4758@{#972}) on port 50461
Only local connections are allowed.
Please see https://chromedriver.chromium.org/security-considerations for suggestions on keeping ChromeDriver safe.
Starting ChromeDriver 98.0.4758.80 (7f0488e8ba0d8e019187c6325a16c29d9b7f4989-refs/branch-heads/4758@{#972}) on port 56935
Only local connections are allowed.
Please see https://chromedriver.chromium.org/security-considerations for suggestions on keeping ChromeDriver safe.
ChromeDriver was started successfully.
ChromeDriver was started successfully.
lut 17, 2022 11:32:25 AM org.openqa.selenium.remote.ProtocolHandshake createSession
INFO: Detected dialect: W3C
lut 17, 2022 11:32:25 AM org.openqa.selenium.remote.ProtocolHandshake createSession
INFO: Detected dialect: W3C
lut 17, 2022 11:32:26 AM org.openqa.selenium.devtools.CdpVersionFinder findNearestMatch
WARNING: Unable to find an exact match for CDP version 98, so returning the closest version found: 96
lut 17, 2022 11:32:26 AM org.openqa.selenium.devtools.CdpVersionFinder findNearestMatch
INFO: Found CDP implementation for version 98 of 96
lut 17, 2022 11:32:26 AM org.openqa.selenium.devtools.CdpVersionFinder findNearestMatch
WARNING: Unable to find an exact match for CDP version 98, so returning the closest version found: 96
lut 17, 2022 11:32:26 AM org.openqa.selenium.devtools.CdpVersionFinder findNearestMatch
INFO: Found CDP implementation for version 98 of 96
]]></system-err>
  </testcase>
  <testcase name="asUserTryToLogInWithValidLoginAndPassword" classname="tests.PositiveLoginTests" time="1.422">
    <system-out><![CDATA[[INFO ] 2022-02-17 11:32:31.545 [TestNG-tests-1] utils.testng.listeners.TestListener - Test asUserTryToLogInWithIncorrectLoginAndPassword passed successfully
[INFO ] 2022-02-17 11:32:31.718 [TestNG-tests-2] page.objects.LoginPage - click on Login Button
[INFO ] 2022-02-17 11:32:31.720 [TestNG-tests-2] page.objects.FooterPage - Checking if dog banner is displayed
[INFO ] 2022-02-17 11:32:31.788 [TestNG-tests-2] generic.assertions.AssertWebElement - Checking if element is displayed
[INFO ] 2022-02-17 11:32:31.817 [TestNG-tests-2] generic.assertions.AssertWebElement - WebElement was displayed!
]]></system-out>
  </testcase>
</testsuite>